D:\ra207-2016\projekat\Client_IPv4\Debug\cl.command.1.tlog
D:\ra207-2016\projekat\Client_IPv4\Debug\CL.read.1.tlog
D:\ra207-2016\projekat\Client_IPv4\Debug\CL.write.1.tlog
D:\ra207-2016\projekat\Client_IPv4\Debug\Client_IPv4.exe.intermediate.manifest
D:\ra207-2016\projekat\Client_IPv4\Debug\Client_IPv4.obj
D:\ra207-2016\projekat\Client_IPv4\Debug\Client_IPv4.vcxprojResolveAssemblyReference.cache
D:\ra207-2016\projekat\Client_IPv4\Debug\Client_IPv4.write.1.tlog
D:\ra207-2016\projekat\Client_IPv4\Debug\link.command.1.tlog
D:\ra207-2016\projekat\Client_IPv4\Debug\link.read.1.tlog
D:\ra207-2016\projekat\Client_IPv4\Debug\link.write.1.tlog
D:\ra207-2016\projekat\Client_IPv4\Debug\mt.command.1.tlog
D:\ra207-2016\projekat\Client_IPv4\Debug\mt.read.1.tlog
D:\ra207-2016\projekat\Client_IPv4\Debug\mt.write.1.tlog
D:\ra207-2016\projekat\Client_IPv4\Debug\vc100.idb
D:\ra207-2016\projekat\Client_IPv4\Debug\vc100.pdb
D:\RA207-2016\VEZBA 5 - IPV6\DUALSTACK_UDP(ONE_SOCKET)\DUALSTACK_UDP(ONE SOCKET)\CLIENT_IPV4\DEBUG\CLIENT_IPV4.EXE.INTERMEDIATE.MANIFEST
D:\RA207-2016\VEZBA 5 - IPV6\DUALSTACK_UDP(ONE_SOCKET)\DUALSTACK_UDP(ONE SOCKET)\CLIENT_IPV4\DEBUG\CLIENT_IPV4.OBJ
D:\RA207-2016\VEZBA 5 - IPV6\DUALSTACK_UDP(ONE_SOCKET)\DUALSTACK_UDP(ONE SOCKET)\CLIENT_IPV4\DEBUG\VC100.PDB
D:\RA207-2016\VEZBA 5 - IPV6\DUALSTACK_UDP(ONE_SOCKET)\DUALSTACK_UDP(ONE SOCKET)\DEBUG\CLIENT_IPV4.EXE
D:\RA207-2016\VEZBA 5 - IPV6\DUALSTACK_UDP(ONE_SOCKET)\DUALSTACK_UDP(ONE SOCKET)\DEBUG\CLIENT_IPV4.PDB
