Build started 19-Jan-20 4:46:08 PM.
     1>Project "D:\Faks\mrkirm\MRKiRM-projekat\Server\Server.vcxproj" on node 2 (build target(s)).
     1>InitializeBuildStatus:
         Creating "Debug\Server.unsuccessfulbuild" because "AlwaysCreate" was specified.
       ClCompile:
         C:\Program Files (x86)\Microsoft Visual Studio 10.0\VC\bin\CL.exe /c /ZI /nologo /W3 /WX- /Od /Oy- /D WIN32 /D _DEBUG /D _CONSOLE /D _UNICODE /D UNICODE /Gm /EHsc /RTC1 /MDd /GS /fp:precise /Zc:wchar_t /Zc:forScope /Fo"Debug\\" /Fd"Debug\vc100.pdb" /Gd /TP /analyze- /errorReport:prompt Server.cpp
         Server.cpp
     1>d:\faks\mrkirm\mrkirm-projekat\server\server.cpp(132): warning C4101: 'ipv4_Result' : unreferenced local variable
     1>d:\faks\mrkirm\mrkirm-projekat\server\server.cpp(92): warning C4101: 'ipv4_server_Address' : unreferenced local variable
       Link:
         C:\Program Files (x86)\Microsoft Visual Studio 10.0\VC\bin\link.exe /ERRORREPORT:PROMPT /OUT:"D:\Faks\mrkirm\MRKiRM-projekat\Server\Debug\Server.exe" /INCREMENTAL:NO /NOLOGO kernel32.lib user32.lib gdi32.lib winspool.lib comdlg32.lib advapi32.lib shell32.lib ole32.lib oleaut32.lib uuid.lib odbc32.lib odbccp32.lib /MANIFEST /ManifestFile:"Debug\Server.exe.intermediate.manifest" /MANIFESTUAC:"level='asInvoker' uiAccess='false'" /DEBUG /PDB:"D:\Faks\mrkirm\MRKiRM-projekat\Server\Debug\Server.pdb" /SUBSYSTEM:CONSOLE /TLBID:1 /DYNAMICBASE /NXCOMPAT /IMPLIB:"D:\Faks\mrkirm\MRKiRM-projekat\Server\Debug\Server.lib" /MACHINE:X86 Debug\Server.obj
     1>Server.obj : warning LNK4075: ignoring '/EDITANDCONTINUE' due to '/INCREMENTAL:NO' specification
         Server.vcxproj -> D:\Faks\mrkirm\MRKiRM-projekat\Server\Debug\Server.exe
       Manifest:
         C:\Program Files (x86)\Microsoft SDKs\Windows\v7.0A\bin\mt.exe /nologo /verbose /outputresource:"D:\Faks\mrkirm\MRKiRM-projekat\Server\Debug\Server.exe;#1" /manifest Debug\Server.exe.intermediate.manifest
       FinalizeBuildStatus:
         Deleting file "Debug\Server.unsuccessfulbuild".
         Touching "Debug\Server.lastbuildstate".
     1>Done Building Project "D:\Faks\mrkirm\MRKiRM-projekat\Server\Server.vcxproj" (build target(s)).

Build succeeded.

Time Elapsed 00:00:00.95
